2023-01-10 01:22:11,681:INFO:PyCaret Supervised Module
2023-01-10 01:22:11,681:INFO:ML Usecase: regression
2023-01-10 01:22:11,681:INFO:version 2.2.2
2023-01-10 01:22:11,681:INFO:Initializing setup()
2023-01-10 01:22:11,681:INFO:setup(target=Wind_Speed, ml_usecase=regression, available_plots={'parameter': 'Hyperparameters', 'residuals': 'Residuals', 'error': 'Prediction Error', 'cooks': 'Cooks Distance', 'rfe': 'Feature Selection', 'learning': 'Learning Curve', 'manifold': 'Manifold Learning', 'vc': 'Validation Curve', 'feature': 'Feature Importance', 'feature_all': 'Feature Importance (All)', 'tree': 'Decision Tree'}, train_size=0.7, test_data=None, preprocess=True, imputation_type=simple, iterative_imputation_iters=5, categorical_features=None, categorical_imputation=constant, categorical_iterative_imputer=lightgbm, ordinal_features=None, high_cardinality_features=None, high_cardinality_method=frequency, numeric_features=None, numeric_imputation=mean, numeric_iterative_imputer=lightgbm, date_features=None, ignore_features=None, normalize=False, normalize_method=zscore, transformation=False, transformation_method=yeo-johnson, handle_unknown_categorical=True, unknown_categorical_method=least_frequent, pca=False, pca_method=linear, pca_components=None, ignore_low_variance=False, combine_rare_levels=False, rare_level_threshold=0.1, bin_numeric_features=None, remove_outliers=False, outliers_threshold=0.05, remove_multicollinearity=False, multicollinearity_threshold=0.9, remove_perfect_collinearity=True, create_clusters=False, cluster_iter=20, polynomial_features=False, polynomial_degree=2, trigonometry_features=False, polynomial_threshold=0.1, group_features=None, group_names=None, feature_selection=False, feature_selection_threshold=0.8, feature_selection_method=classic, feature_interaction=False, feature_ratio=False, interaction_threshold=0.01, fix_imbalance=False, fix_imbalance_method=None, transform_target=False, transform_target_method=box-cox, data_split_shuffle=True, data_split_stratify=False, fold_strategy=kfold, fold=10, fold_shuffle=False, fold_groups=None, n_jobs=-1, use_gpu=False, custom_pipeline=None, html=True, session_id=None, log_experiment=False, experiment_name=None, log_plots=False, log_profile=False, log_data=False, silent=False, verbose=True, profile=False, profile_kwargs=None, display=None)
2023-01-10 01:22:11,681:INFO:Checking environment
2023-01-10 01:22:11,681:INFO:python_version: 3.10.5
2023-01-10 01:22:11,681:INFO:python_build: ('tags/v3.10.5:f377153', 'Jun  6 2022 16:14:13')
2023-01-10 01:22:11,681:INFO:machine: AMD64
2023-01-10 01:22:11,681:INFO:platform: Windows-10-10.0.22621-SP0
2023-01-10 01:22:11,685:INFO:Memory: svmem(total=8473419776, available=1149599744, percent=86.4, used=7323820032, free=1149599744)
2023-01-10 01:22:11,685:INFO:Physical Core: 6
2023-01-10 01:22:11,685:INFO:Logical Core: 12
2023-01-10 01:22:11,685:INFO:Checking libraries
2023-01-10 01:22:11,685:INFO:pd==1.5.1
2023-01-10 01:22:11,685:INFO:numpy==1.23.4
2023-01-10 01:22:11,685:INFO:sklearn==1.1.3
2023-01-10 01:22:11,706:INFO:xgboost==1.7.3
2023-01-10 01:22:11,706:INFO:lightgbm==3.3.4
2023-01-10 01:22:11,723:INFO:catboost==1.1.1
2023-01-10 01:22:12,124:INFO:mlflow==2.1.1
2023-01-10 01:22:12,124:INFO:Checking Exceptions
2023-01-10 01:22:12,126:INFO:Declaring global variables
2023-01-10 01:22:12,126:INFO:USI: ab24
2023-01-10 01:22:12,126:INFO:pycaret_globals: {'_all_models_internal', 'y', 'fold_groups_param', 'transform_target_param', 'prep_pipe', '_ml_usecase', 'stratify_param', 'y_test', 'experiment__', 'n_jobs_param', 'pycaret_globals', 'imputation_classifier', 'display_container', 'imputation_regressor', 'master_model_container', 'transform_target_method_param', 'fix_imbalance_method_param', 'data_before_preprocess', 'fold_generator', 'target_param', 'iterative_imputation_iters_param', 'create_model_container', 'fold_shuffle_param', 'USI', '_internal_pipeline', '_gpu_n_jobs_param', '_all_models', 'logging_param', 'fold_param', '_available_plots', 'html_param', 'log_plots_param', '_all_metrics', 'X_train', 'X', 'exp_name_log', 'seed', 'fix_imbalance_param', 'y_train', 'X_test', 'gpu_param'}
2023-01-10 01:22:12,126:INFO:Preparing display monitor
2023-01-10 01:22:12,126:INFO:Preparing display monitor
2023-01-10 01:22:12,136:INFO:Importing libraries
2023-01-10 01:22:12,136:INFO:Copying data for preprocessing
2023-01-10 01:22:12,140:INFO:Declaring preprocessing parameters
2023-01-10 01:22:12,142:INFO:Creating preprocessing pipeline
2023-01-10 01:22:12,144:INFO:Preprocessing pipeline created successfully
2023-01-10 01:22:12,144:ERROR:(Process Exit): setup has been interupted with user command 'quit'. setup must rerun.
2023-01-10 01:22:12,144:INFO:Creating global containers
2023-01-10 01:24:47,625:INFO:PyCaret Supervised Module
2023-01-10 01:24:47,626:INFO:ML Usecase: regression
2023-01-10 01:24:47,626:INFO:version 2.2.2
2023-01-10 01:24:47,626:INFO:Initializing setup()
2023-01-10 01:24:47,626:INFO:setup(target=Wind_Speed, ml_usecase=regression, available_plots={'parameter': 'Hyperparameters', 'residuals': 'Residuals', 'error': 'Prediction Error', 'cooks': 'Cooks Distance', 'rfe': 'Feature Selection', 'learning': 'Learning Curve', 'manifold': 'Manifold Learning', 'vc': 'Validation Curve', 'feature': 'Feature Importance', 'feature_all': 'Feature Importance (All)', 'tree': 'Decision Tree'}, train_size=0.7, test_data=None, preprocess=True, imputation_type=simple, iterative_imputation_iters=5, categorical_features=None, categorical_imputation=constant, categorical_iterative_imputer=lightgbm, ordinal_features=None, high_cardinality_features=None, high_cardinality_method=frequency, numeric_features=None, numeric_imputation=mean, numeric_iterative_imputer=lightgbm, date_features=None, ignore_features=None, normalize=False, normalize_method=zscore, transformation=False, transformation_method=yeo-johnson, handle_unknown_categorical=True, unknown_categorical_method=least_frequent, pca=False, pca_method=linear, pca_components=None, ignore_low_variance=False, combine_rare_levels=False, rare_level_threshold=0.1, bin_numeric_features=None, remove_outliers=False, outliers_threshold=0.05, remove_multicollinearity=False, multicollinearity_threshold=0.9, remove_perfect_collinearity=True, create_clusters=False, cluster_iter=20, polynomial_features=False, polynomial_degree=2, trigonometry_features=False, polynomial_threshold=0.1, group_features=None, group_names=None, feature_selection=False, feature_selection_threshold=0.8, feature_selection_method=classic, feature_interaction=False, feature_ratio=False, interaction_threshold=0.01, fix_imbalance=False, fix_imbalance_method=None, transform_target=False, transform_target_method=box-cox, data_split_shuffle=True, data_split_stratify=False, fold_strategy=kfold, fold=10, fold_shuffle=True, fold_groups=None, n_jobs=-1, use_gpu=False, custom_pipeline=None, html=True, session_id=None, log_experiment=False, experiment_name=None, log_plots=False, log_profile=False, log_data=False, silent=False, verbose=True, profile=False, profile_kwargs=None, display=None)
2023-01-10 01:24:47,626:INFO:Checking environment
2023-01-10 01:24:47,626:INFO:python_version: 3.10.5
2023-01-10 01:24:47,626:INFO:python_build: ('tags/v3.10.5:f377153', 'Jun  6 2022 16:14:13')
2023-01-10 01:24:47,626:INFO:machine: AMD64
2023-01-10 01:24:47,626:INFO:platform: Windows-10-10.0.22621-SP0
2023-01-10 01:24:47,629:INFO:Memory: svmem(total=8473419776, available=760049664, percent=91.0, used=7713370112, free=760049664)
2023-01-10 01:24:47,629:INFO:Physical Core: 6
2023-01-10 01:24:47,630:INFO:Logical Core: 12
2023-01-10 01:24:47,630:INFO:Checking libraries
2023-01-10 01:24:47,630:INFO:pd==1.5.1
2023-01-10 01:24:47,630:INFO:numpy==1.23.4
2023-01-10 01:24:47,630:INFO:sklearn==1.1.3
2023-01-10 01:24:47,630:INFO:xgboost==1.7.3
2023-01-10 01:24:47,630:INFO:lightgbm==3.3.4
2023-01-10 01:24:47,630:INFO:catboost==1.1.1
2023-01-10 01:24:47,630:INFO:mlflow==2.1.1
2023-01-10 01:24:47,630:INFO:Checking Exceptions
2023-01-10 01:24:47,630:INFO:Declaring global variables
2023-01-10 01:24:47,630:INFO:USI: 6535
2023-01-10 01:24:47,630:INFO:pycaret_globals: {'_all_models_internal', 'y', 'fold_groups_param', 'transform_target_param', 'prep_pipe', '_ml_usecase', 'stratify_param', 'y_test', 'experiment__', 'n_jobs_param', 'pycaret_globals', 'imputation_classifier', 'display_container', 'imputation_regressor', 'master_model_container', 'transform_target_method_param', 'fix_imbalance_method_param', 'data_before_preprocess', 'fold_generator', 'target_param', 'iterative_imputation_iters_param', 'create_model_container', 'fold_shuffle_param', 'USI', '_internal_pipeline', '_gpu_n_jobs_param', '_all_models', 'logging_param', 'fold_param', '_available_plots', 'html_param', 'log_plots_param', '_all_metrics', 'X_train', 'X', 'exp_name_log', 'seed', 'fix_imbalance_param', 'y_train', 'X_test', 'gpu_param'}
2023-01-10 01:24:47,630:INFO:Preparing display monitor
2023-01-10 01:24:47,630:INFO:Preparing display monitor
2023-01-10 01:24:47,635:INFO:Importing libraries
2023-01-10 01:24:47,637:INFO:Copying data for preprocessing
2023-01-10 01:24:47,641:INFO:Declaring preprocessing parameters
2023-01-10 01:24:47,642:INFO:Creating preprocessing pipeline
2023-01-10 01:24:47,644:INFO:Preprocessing pipeline created successfully
2023-01-10 01:24:47,644:ERROR:(Process Exit): setup has been interupted with user command 'quit'. setup must rerun.
2023-01-10 01:24:47,644:INFO:Creating global containers
2023-01-10 01:24:47,647:INFO:Internal pipeline: Pipeline(memory=None, steps=[('empty_step', 'passthrough')], verbose=False)
2023-01-10 01:24:52,181:INFO:Creating grid variables
2023-01-10 01:24:52,189:INFO:create_model_container: 0
2023-01-10 01:24:52,189:INFO:master_model_container: 0
2023-01-10 01:24:52,189:INFO:display_container: 0
2023-01-10 01:25:15,248:INFO:PyCaret Supervised Module
2023-01-10 01:25:15,248:INFO:ML Usecase: regression
2023-01-10 01:25:15,248:INFO:version 2.2.2
2023-01-10 01:25:15,248:INFO:Initializing setup()
2023-01-10 01:25:15,248:INFO:setup(target=Wind_Speed, ml_usecase=regression, available_plots={'parameter': 'Hyperparameters', 'residuals': 'Residuals', 'error': 'Prediction Error', 'cooks': 'Cooks Distance', 'rfe': 'Feature Selection', 'learning': 'Learning Curve', 'manifold': 'Manifold Learning', 'vc': 'Validation Curve', 'feature': 'Feature Importance', 'feature_all': 'Feature Importance (All)', 'tree': 'Decision Tree'}, train_size=0.7, test_data=None, preprocess=True, imputation_type=simple, iterative_imputation_iters=5, categorical_features=None, categorical_imputation=constant, categorical_iterative_imputer=lightgbm, ordinal_features=None, high_cardinality_features=None, high_cardinality_method=frequency, numeric_features=None, numeric_imputation=mean, numeric_iterative_imputer=lightgbm, date_features=None, ignore_features=None, normalize=False, normalize_method=zscore, transformation=False, transformation_method=yeo-johnson, handle_unknown_categorical=True, unknown_categorical_method=least_frequent, pca=False, pca_method=linear, pca_components=None, ignore_low_variance=False, combine_rare_levels=False, rare_level_threshold=0.1, bin_numeric_features=None, remove_outliers=False, outliers_threshold=0.05, remove_multicollinearity=False, multicollinearity_threshold=0.9, remove_perfect_collinearity=True, create_clusters=False, cluster_iter=20, polynomial_features=False, polynomial_degree=2, trigonometry_features=False, polynomial_threshold=0.1, group_features=None, group_names=None, feature_selection=False, feature_selection_threshold=0.8, feature_selection_method=classic, feature_interaction=False, feature_ratio=False, interaction_threshold=0.01, fix_imbalance=False, fix_imbalance_method=None, transform_target=False, transform_target_method=box-cox, data_split_shuffle=True, data_split_stratify=False, fold_strategy=kfold, fold=10, fold_shuffle=True, fold_groups=None, n_jobs=-1, use_gpu=False, custom_pipeline=None, html=True, session_id=None, log_experiment=False, experiment_name=None, log_plots=False, log_profile=False, log_data=False, silent=False, verbose=True, profile=False, profile_kwargs=None, display=None)
2023-01-10 01:25:15,248:INFO:Checking environment
2023-01-10 01:25:15,248:INFO:python_version: 3.10.5
2023-01-10 01:25:15,248:INFO:python_build: ('tags/v3.10.5:f377153', 'Jun  6 2022 16:14:13')
2023-01-10 01:25:15,248:INFO:machine: AMD64
2023-01-10 01:25:15,248:INFO:platform: Windows-10-10.0.22621-SP0
2023-01-10 01:25:15,251:INFO:Memory: svmem(total=8473419776, available=778436608, percent=90.8, used=7694983168, free=778436608)
2023-01-10 01:25:15,251:INFO:Physical Core: 6
2023-01-10 01:25:15,251:INFO:Logical Core: 12
2023-01-10 01:25:15,251:INFO:Checking libraries
2023-01-10 01:25:15,251:INFO:pd==1.5.1
2023-01-10 01:25:15,251:INFO:numpy==1.23.4
2023-01-10 01:25:15,251:INFO:sklearn==1.1.3
2023-01-10 01:25:15,251:INFO:xgboost==1.7.3
2023-01-10 01:25:15,251:INFO:lightgbm==3.3.4
2023-01-10 01:25:15,251:INFO:catboost==1.1.1
2023-01-10 01:25:15,251:INFO:mlflow==2.1.1
2023-01-10 01:25:15,251:INFO:Checking Exceptions
2023-01-10 01:25:15,251:INFO:Declaring global variables
2023-01-10 01:25:15,251:INFO:USI: 6c41
2023-01-10 01:25:15,251:INFO:pycaret_globals: {'_all_models_internal', 'y', 'fold_groups_param', 'transform_target_param', 'prep_pipe', '_ml_usecase', 'stratify_param', 'y_test', 'experiment__', 'n_jobs_param', 'pycaret_globals', 'imputation_classifier', 'display_container', 'imputation_regressor', 'master_model_container', 'transform_target_method_param', 'fix_imbalance_method_param', 'data_before_preprocess', 'fold_generator', 'target_param', 'iterative_imputation_iters_param', 'create_model_container', 'fold_shuffle_param', 'USI', '_internal_pipeline', '_gpu_n_jobs_param', '_all_models', 'logging_param', 'fold_param', '_available_plots', 'html_param', 'log_plots_param', '_all_metrics', 'X_train', 'X', 'exp_name_log', 'seed', 'fix_imbalance_param', 'y_train', 'X_test', 'gpu_param'}
2023-01-10 01:25:15,251:INFO:Preparing display monitor
2023-01-10 01:25:15,252:INFO:Preparing display monitor
2023-01-10 01:25:15,258:INFO:Importing libraries
2023-01-10 01:25:15,258:INFO:Copying data for preprocessing
2023-01-10 01:25:15,263:INFO:Declaring preprocessing parameters
2023-01-10 01:25:15,264:INFO:Creating preprocessing pipeline
2023-01-10 01:25:15,267:INFO:Preprocessing pipeline created successfully
2023-01-10 01:25:15,267:ERROR:(Process Exit): setup has been interupted with user command 'quit'. setup must rerun.
2023-01-10 01:25:15,267:INFO:Creating global containers
2023-01-10 01:25:15,267:INFO:Internal pipeline: Pipeline(memory=None, steps=[('empty_step', 'passthrough')], verbose=False)
2023-01-10 01:25:18,117:INFO:Creating grid variables
2023-01-10 01:25:18,124:INFO:create_model_container: 0
2023-01-10 01:25:18,124:INFO:master_model_container: 0
2023-01-10 01:25:18,124:INFO:display_container: 0
2023-01-10 01:25:34,431:INFO:PyCaret Supervised Module
2023-01-10 01:25:34,431:INFO:ML Usecase: regression
2023-01-10 01:25:34,431:INFO:version 2.2.2
2023-01-10 01:25:34,431:INFO:Initializing setup()
2023-01-10 01:25:34,431:INFO:setup(target=Wind_Speed, ml_usecase=regression, available_plots={'parameter': 'Hyperparameters', 'residuals': 'Residuals', 'error': 'Prediction Error', 'cooks': 'Cooks Distance', 'rfe': 'Feature Selection', 'learning': 'Learning Curve', 'manifold': 'Manifold Learning', 'vc': 'Validation Curve', 'feature': 'Feature Importance', 'feature_all': 'Feature Importance (All)', 'tree': 'Decision Tree'}, train_size=0.8, test_data=None, preprocess=True, imputation_type=simple, iterative_imputation_iters=5, categorical_features=None, categorical_imputation=constant, categorical_iterative_imputer=lightgbm, ordinal_features=None, high_cardinality_features=None, high_cardinality_method=frequency, numeric_features=None, numeric_imputation=mean, numeric_iterative_imputer=lightgbm, date_features=None, ignore_features=None, normalize=False, normalize_method=zscore, transformation=False, transformation_method=yeo-johnson, handle_unknown_categorical=True, unknown_categorical_method=least_frequent, pca=False, pca_method=linear, pca_components=None, ignore_low_variance=False, combine_rare_levels=False, rare_level_threshold=0.1, bin_numeric_features=None, remove_outliers=False, outliers_threshold=0.05, remove_multicollinearity=False, multicollinearity_threshold=0.9, remove_perfect_collinearity=True, create_clusters=False, cluster_iter=20, polynomial_features=False, polynomial_degree=2, trigonometry_features=False, polynomial_threshold=0.1, group_features=None, group_names=None, feature_selection=False, feature_selection_threshold=0.8, feature_selection_method=classic, feature_interaction=False, feature_ratio=False, interaction_threshold=0.01, fix_imbalance=False, fix_imbalance_method=None, transform_target=False, transform_target_method=box-cox, data_split_shuffle=True, data_split_stratify=False, fold_strategy=kfold, fold=10, fold_shuffle=True, fold_groups=None, n_jobs=-1, use_gpu=False, custom_pipeline=None, html=True, session_id=None, log_experiment=False, experiment_name=None, log_plots=False, log_profile=False, log_data=False, silent=False, verbose=True, profile=False, profile_kwargs=None, display=None)
2023-01-10 01:25:34,431:INFO:Checking environment
2023-01-10 01:25:34,431:INFO:python_version: 3.10.5
2023-01-10 01:25:34,431:INFO:python_build: ('tags/v3.10.5:f377153', 'Jun  6 2022 16:14:13')
2023-01-10 01:25:34,431:INFO:machine: AMD64
2023-01-10 01:25:34,431:INFO:platform: Windows-10-10.0.22621-SP0
2023-01-10 01:25:34,434:INFO:Memory: svmem(total=8473419776, available=797118464, percent=90.6, used=7676301312, free=797118464)
2023-01-10 01:25:34,434:INFO:Physical Core: 6
2023-01-10 01:25:34,434:INFO:Logical Core: 12
2023-01-10 01:25:34,434:INFO:Checking libraries
2023-01-10 01:25:34,435:INFO:pd==1.5.1
2023-01-10 01:25:34,435:INFO:numpy==1.23.4
2023-01-10 01:25:34,435:INFO:sklearn==1.1.3
2023-01-10 01:25:34,435:INFO:xgboost==1.7.3
2023-01-10 01:25:34,435:INFO:lightgbm==3.3.4
2023-01-10 01:25:34,435:INFO:catboost==1.1.1
2023-01-10 01:25:34,435:INFO:mlflow==2.1.1
2023-01-10 01:25:34,435:INFO:Checking Exceptions
2023-01-10 01:25:34,435:INFO:Declaring global variables
2023-01-10 01:25:34,435:INFO:USI: 2373
2023-01-10 01:25:34,435:INFO:pycaret_globals: {'_all_models_internal', 'y', 'fold_groups_param', 'transform_target_param', 'prep_pipe', '_ml_usecase', 'stratify_param', 'y_test', 'experiment__', 'n_jobs_param', 'pycaret_globals', 'imputation_classifier', 'display_container', 'imputation_regressor', 'master_model_container', 'transform_target_method_param', 'fix_imbalance_method_param', 'data_before_preprocess', 'fold_generator', 'target_param', 'iterative_imputation_iters_param', 'create_model_container', 'fold_shuffle_param', 'USI', '_internal_pipeline', '_gpu_n_jobs_param', '_all_models', 'logging_param', 'fold_param', '_available_plots', 'html_param', 'log_plots_param', '_all_metrics', 'X_train', 'X', 'exp_name_log', 'seed', 'fix_imbalance_param', 'y_train', 'X_test', 'gpu_param'}
2023-01-10 01:25:34,435:INFO:Preparing display monitor
2023-01-10 01:25:34,435:INFO:Preparing display monitor
2023-01-10 01:25:34,440:INFO:Importing libraries
2023-01-10 01:25:34,440:INFO:Copying data for preprocessing
2023-01-10 01:25:34,445:INFO:Declaring preprocessing parameters
2023-01-10 01:25:34,445:INFO:Creating preprocessing pipeline
2023-01-10 01:25:34,448:INFO:Preprocessing pipeline created successfully
2023-01-10 01:25:34,448:ERROR:(Process Exit): setup has been interupted with user command 'quit'. setup must rerun.
2023-01-10 01:25:34,448:INFO:Creating global containers
2023-01-10 01:25:34,448:INFO:Internal pipeline: Pipeline(memory=None, steps=[('empty_step', 'passthrough')], verbose=False)
2023-01-10 01:27:17,419:INFO:PyCaret Supervised Module
2023-01-10 01:27:17,419:INFO:ML Usecase: regression
2023-01-10 01:27:17,419:INFO:version 2.2.2
2023-01-10 01:27:17,419:INFO:Initializing setup()
2023-01-10 01:27:17,419:INFO:setup(target=Wind_Speed, ml_usecase=regression, available_plots={'parameter': 'Hyperparameters', 'residuals': 'Residuals', 'error': 'Prediction Error', 'cooks': 'Cooks Distance', 'rfe': 'Feature Selection', 'learning': 'Learning Curve', 'manifold': 'Manifold Learning', 'vc': 'Validation Curve', 'feature': 'Feature Importance', 'feature_all': 'Feature Importance (All)', 'tree': 'Decision Tree'}, train_size=0.8, test_data=None, preprocess=True, imputation_type=simple, iterative_imputation_iters=5, categorical_features=None, categorical_imputation=constant, categorical_iterative_imputer=lightgbm, ordinal_features=None, high_cardinality_features=None, high_cardinality_method=frequency, numeric_features=None, numeric_imputation=mean, numeric_iterative_imputer=lightgbm, date_features=None, ignore_features=None, normalize=False, normalize_method=zscore, transformation=False, transformation_method=yeo-johnson, handle_unknown_categorical=True, unknown_categorical_method=least_frequent, pca=False, pca_method=linear, pca_components=None, ignore_low_variance=False, combine_rare_levels=False, rare_level_threshold=0.1, bin_numeric_features=None, remove_outliers=False, outliers_threshold=0.05, remove_multicollinearity=False, multicollinearity_threshold=0.9, remove_perfect_collinearity=True, create_clusters=False, cluster_iter=20, polynomial_features=False, polynomial_degree=2, trigonometry_features=False, polynomial_threshold=0.1, group_features=None, group_names=None, feature_selection=False, feature_selection_threshold=0.8, feature_selection_method=classic, feature_interaction=False, feature_ratio=False, interaction_threshold=0.01, fix_imbalance=False, fix_imbalance_method=None, transform_target=False, transform_target_method=box-cox, data_split_shuffle=True, data_split_stratify=False, fold_strategy=kfold, fold=10, fold_shuffle=True, fold_groups=None, n_jobs=-1, use_gpu=False, custom_pipeline=None, html=True, session_id=None, log_experiment=False, experiment_name=None, log_plots=False, log_profile=False, log_data=False, silent=False, verbose=True, profile=False, profile_kwargs=None, display=None)
2023-01-10 01:27:17,419:INFO:Checking environment
2023-01-10 01:27:17,419:INFO:python_version: 3.10.5
2023-01-10 01:27:17,419:INFO:python_build: ('tags/v3.10.5:f377153', 'Jun  6 2022 16:14:13')
2023-01-10 01:27:17,419:INFO:machine: AMD64
2023-01-10 01:27:17,419:INFO:platform: Windows-10-10.0.22621-SP0
2023-01-10 01:27:17,422:INFO:Memory: svmem(total=8473419776, available=1090224128, percent=87.1, used=7383195648, free=1090224128)
2023-01-10 01:27:17,422:INFO:Physical Core: 6
2023-01-10 01:27:17,422:INFO:Logical Core: 12
2023-01-10 01:27:17,422:INFO:Checking libraries
2023-01-10 01:27:17,422:INFO:pd==1.5.1
2023-01-10 01:27:17,422:INFO:numpy==1.23.4
2023-01-10 01:27:17,422:INFO:sklearn==1.1.3
2023-01-10 01:27:17,422:INFO:xgboost==1.7.3
2023-01-10 01:27:17,422:INFO:lightgbm==3.3.4
2023-01-10 01:27:17,422:INFO:catboost==1.1.1
2023-01-10 01:27:17,422:INFO:mlflow==2.1.1
2023-01-10 01:27:17,422:INFO:Checking Exceptions
2023-01-10 01:27:17,422:INFO:Declaring global variables
2023-01-10 01:27:17,422:INFO:USI: 1af9
2023-01-10 01:27:17,422:INFO:pycaret_globals: {'_all_models_internal', 'y', 'fold_groups_param', 'transform_target_param', 'prep_pipe', '_ml_usecase', 'stratify_param', 'y_test', 'experiment__', 'n_jobs_param', 'pycaret_globals', 'imputation_classifier', 'display_container', 'imputation_regressor', 'master_model_container', 'transform_target_method_param', 'fix_imbalance_method_param', 'data_before_preprocess', 'fold_generator', 'target_param', 'iterative_imputation_iters_param', 'create_model_container', 'fold_shuffle_param', 'USI', '_internal_pipeline', '_gpu_n_jobs_param', '_all_models', 'logging_param', 'fold_param', '_available_plots', 'html_param', 'log_plots_param', '_all_metrics', 'X_train', 'X', 'exp_name_log', 'seed', 'fix_imbalance_param', 'y_train', 'X_test', 'gpu_param'}
2023-01-10 01:27:17,423:INFO:Preparing display monitor
2023-01-10 01:27:17,423:INFO:Preparing display monitor
2023-01-10 01:27:17,429:INFO:Importing libraries
2023-01-10 01:27:17,429:INFO:Copying data for preprocessing
2023-01-10 01:27:17,433:INFO:Declaring preprocessing parameters
2023-01-10 01:27:17,433:INFO:Creating preprocessing pipeline
2023-01-10 01:27:17,435:INFO:Preprocessing pipeline created successfully
2023-01-10 01:27:17,435:ERROR:(Process Exit): setup has been interupted with user command 'quit'. setup must rerun.
2023-01-10 01:27:17,436:INFO:Creating global containers
2023-01-10 01:27:17,436:INFO:Internal pipeline: Pipeline(memory=None, steps=[('empty_step', 'passthrough')], verbose=False)
2023-01-10 01:27:22,641:INFO:Creating grid variables
2023-01-10 01:27:22,648:INFO:create_model_container: 0
2023-01-10 01:27:22,648:INFO:master_model_container: 0
2023-01-10 01:27:22,648:INFO:display_container: 0
